lifememory/proguard/seeds.txt
com.example.lifememory.R$anim: int activity_down
com.example.lifememory.R$anim: int activity_steady
com.example.lifememory.R$anim: int activity_up
com.example.lifememory.R$anim: int bill_input_one_intoright
com.example.lifememory.R$anim: int bill_input_one_intoright2
com.example.lifememory.R$anim: int bill_input_three_outtoright
com.example.lifememory.R$anim: int bill_input_two_outtoright
com.example.lifememory.R$anim: int filpper_left_in
com.example.lifememory.R$anim: int flipper_left_out
com.example.lifememory.R$anim: int flipper_right_in
com.example.lifememory.R$anim: int flipper_right_out
com.example.lifememory.R$anim: int out
com.example.lifememory.R$anim: int popwindow_tips_in
com.example.lifememory.R$anim: int popwindow_tips_out
com.example.lifememory.R$anim: int scale_in
com.example.lifememory.R$anim: int scale_out
com.example.lifememory.R$anim: int splash_anim
com.example.lifememory.R$array: int items
com.example.lifememory.R$attr: int behindOffset
com.example.lifememory.R$attr: int behindScrollScale
com.example.lifememory.R$attr: int behindWidth
com.example.lifememory.R$attr: int fadeDegree
com.example.lifememory.R$attr: int fadeEnabled
com.example.lifememory.R$attr: int mode
com.example.lifememory.R$attr: int selectorDrawable
com.example.lifememory.R$attr: int selectorEnabled
com.example.lifememory.R$attr: int shadowDrawable
com.example.lifememory.R$attr: int shadowWidth
com.example.lifememory.R$attr: int touchModeAbove
com.example.lifememory.R$attr: int touchModeBehind
com.example.lifememory.R$attr: int viewAbove
com.example.lifememory.R$attr: int viewBehind
com.example.lifememory.R$color: int colorBlue
com.example.lifememory.R$color: int colorPink
com.example.lifememory.R$color: int colorPurple
com.example.lifememory.R$color: int incomeColor
com.example.lifememory.R$color: int leftmenuselected
com.example.lifememory.R$color: int spendColor
com.example.lifememory.R$color: int transferColor
com.example.lifememory.R$dimen: int dialog_item_distance
com.example.lifememory.R$dimen: int dp_10
com.example.lifememory.R$dimen: int gallery_height
com.example.lifememory.R$dimen: int gallery_image_distance
com.example.lifememory.R$dimen: int gallery_image_height
com.example.lifememory.R$dimen: int gallery_yuyue_bottom
com.example.lifememory.R$dimen: int gallery_yuyue_width
com.example.lifememory.R$dimen: int icon_totop_distance
com.example.lifememory.R$dimen: int menu_drawable_distance
com.example.lifememory.R$dimen: int menu_text_size
com.example.lifememory.R$dimen: int person_info_card_title_hight
com.example.lifememory.R$dimen: int regist_hint_textsize
com.example.lifememory.R$dimen: int regist_input_height
com.example.lifememory.R$dimen: int regist_input_width
com.example.lifememory.R$dimen: int regist_left_height
com.example.lifememory.R$dimen: int regist_left_width
com.example.lifememory.R$dimen: int regist_normal_textsize
com.example.lifememory.R$dimen: int shadow_width
com.example.lifememory.R$dimen: int slidingmenu_offset
com.example.lifememory.R$dimen: int tab_hight
com.example.lifememory.R$dimen: int tab_search
com.example.lifememory.R$dimen: int tab_text
com.example.lifememory.R$dimen: int tab_top
com.example.lifememory.R$dimen: int title_hight
com.example.lifememory.R$dimen: int title_text_size
com.example.lifememory.R$dimen: int yygh_item_toleft
com.example.lifememory.R$dimen: int yygh_item_toright
...
android.support.v4.app.BackStackState
android.support.v4.app.BackStackState: android.os.Parcelable$Creator CREATOR
android.support.v4.app.Fragment$SavedState
android.support.v4.app.Fragment$SavedState: android.os.Parcelable$Creator CREATOR
android.support.v4.app.FragmentActivity: FragmentActivity()
android.support.v4.app.FragmentManagerState
android.support.v4.app.FragmentManagerState: android.os.Parcelable$Creator CREATOR
android.support.v4.app.FragmentState
android.support.v4.app.FragmentState: android.os.Parcelable$Creator CREATOR
android.support.v4.app.FragmentTabHost: void setOnTabChangedListener(android.widget.TabHost$OnTabChangeListener)
android.support.v4.app.FragmentTabHost$SavedState
android.support.v4.app.FragmentTabHost$SavedState: android.os.Parcelable$Creator CREATOR
android.support.v4.content.ModernAsyncTask$Status: android.support.v4.content.ModernAsyncTask$Status[] values()
android.support.v4.content.ModernAsyncTask$Status: android.support.v4.content.ModernAsyncTask$Status valueOf(java.lang.String)
android.support.v4.view.PagerTabStrip: void setTabIndicatorColor(int)
android.support.v4.view.PagerTabStrip: void setTabIndicatorColorResource(int)
android.support.v4.view.PagerTabStrip: int getTabIndicatorColor()
android.support.v4.view.PagerTabStrip: void setTextSpacing(int)
android.support.v4.view.PagerTabStrip: void setBackgroundDrawable(android.graphics.drawable.Drawable)
android.support.v4.view.PagerTabStrip: void setBackgroundColor(int)
android.support.v4.view.PagerTabStrip: void setBackgroundResource(int)
android.support.v4.view.PagerTabStrip: void setDrawFullUnderline(boolean)
android.support.v4.view.PagerTabStrip: boolean getDrawFullUnderline()
android.support.v4.view.PagerTabStrip: int getMinHeight()
android.support.v4.view.PagerTabStrip$1: void onClick(android.view.View)
android.support.v4.view.PagerTabStrip$2: void onClick(android.view.View)
android.support.v4.view.PagerTitleStrip: void setSingleLineAllCaps(android.widget.TextView)
android.support.v4.view.PagerTitleStrip: void setTextSpacing(int)
android.support.v4.view.PagerTitleStrip: int getTextSpacing()
android.support.v4.view.PagerTitleStrip: void setNonPrimaryAlpha(float)
android.support.v4.view.PagerTitleStrip: void setTextColor(int)
android.support.v4.view.PagerTitleStrip: void setGravity(int)
android.support.v4.view.PagerTitleStrip: int getMinHeight()
android.support.v4.view.ViewPager
android.support.v4.view.ViewPager: ViewPager(android.content.Context)
android.support.v4.view.ViewPager: ViewPager(android.content.Context,android.util.AttributeSet)
android.support.v4.view.ViewPager: void setScrollState(int)
android.support.v4.view.ViewPager: void setAdapter(android.support.v4.view.PagerAdapter)
android.support.v4.view.ViewPager: android.support.v4.view.PagerAdapter getAdapter()
android.support.v4.view.ViewPager: void setOnAdapterChangeListener(android.support.v4.view.ViewPager$OnAdapterChangeListener)
android.support.v4.view.ViewPager: void setCurrentItem(int)
android.support.v4.view.ViewPager: int getCurrentItem()
android.support.v4.view.ViewPager: void setOnPageChangeListener(android.support.v4.view.ViewPager$OnPageChangeListener)
android.support.v4.view.ViewPager: void setChildrenDrawingOrderEnabledCompat(boolean)
android.support.v4.view.ViewPager: int getOffscreenPageLimit()
android.support.v4.view.ViewPager: void setOffscreenPageLimit(int)
android.support.v4.view.ViewPager: void setPageMargin(int)
android.support.v4.view.ViewPager: int getPageMargin()
android.support.v4.view.ViewPager: void setPageMarginDrawable(android.graphics.drawable.Drawable)
android.support.v4.view.ViewPager: void setPageMarginDrawable(int)
android.support.v4.view.ViewPager: void setScrollingCacheEnabled(boolean)
android.support.v4.view.ViewPager$SavedState
android.support.v4.view.ViewPager$SavedState: android.os.Parcelable$Creator CREATOR