lifememory/proguard/mapping.txt
com.example.lifememory.R -> com.example.lifememory.a:
com.example.lifememory.R$styleable -> com.example.lifememory.b:
    int[] SlidingMenu -> SlidingMenu
    int SlidingMenu_behindOffset -> SlidingMenu_behindOffset
    int SlidingMenu_behindScrollScale -> SlidingMenu_behindScrollScale
    int SlidingMenu_behindWidth -> SlidingMenu_behindWidth
    int SlidingMenu_fadeDegree -> SlidingMenu_fadeDegree
    int SlidingMenu_fadeEnabled -> SlidingMenu_fadeEnabled
    int SlidingMenu_mode -> SlidingMenu_mode
    int SlidingMenu_selectorDrawable -> SlidingMenu_selectorDrawable
    int SlidingMenu_selectorEnabled -> SlidingMenu_selectorEnabled
    int SlidingMenu_shadowDrawable -> SlidingMenu_shadowDrawable
    int SlidingMenu_shadowWidth -> SlidingMenu_shadowWidth
    int SlidingMenu_touchModeAbove -> SlidingMenu_touchModeAbove
    int SlidingMenu_touchModeBehind -> SlidingMenu_touchModeBehind
    int SlidingMenu_viewAbove -> SlidingMenu_viewAbove
    int SlidingMenu_viewBehind -> SlidingMenu_viewBehind
com.example.lifememory.activity.BabyJiShiBenAddActivity -> com.example.lifememory.activity.BabyJiShiBenAddActivity:
    android.widget.EditText contentEt -> a
    android.widget.TextView titleTv -> b
    android.widget.GridView toolBarGridView -> c
    android.widget.LinearLayout gridViewLayout -> d
    com.example.lifememory.adapter.PregnancyJiShiBenAddToolBarAdapter adapter -> e
    int[] imageIds -> f
    java.lang.String[] titles -> g
    int[] textSize -> h
    int textSizeIndex -> i
    android.widget.PopupWindow colorPopupWindow -> j
    int[] colorImageIds -> k
    com.example.lifememory.adapter.ColorGridViewAdapter colorAdapter -> l
    android.widget.GridView colorGridView -> m
    android.widget.LinearLayout bottonLayout -> n
    int screenHeight -> o
    int[] locations -> p
    com.example.lifememory.activity.views.KeyboardListenRelativeLayout relativeLayout -> q
    int colorSelectedId -> r
    int[] colors -> s
    boolean isSave -> t
    boolean isShowKeyBoard -> u
    com.example.lifememory.db.service.BabyDiaryJiShiBenService dbService -> v
    com.example.lifememory.activity.model.BabyJiShiBen jishibenItem -> w
    java.lang.String title -> x
    boolean update -> y
    android.os.Handler handler -> z
    com.example.lifememory.dialog.DialogInputListener pj_renameDilaoglistener -> A
    void onCreate(android.os.Bundle) -> onCreate
    void findViews() -> a
    void btnClick(android.view.View) -> btnClick
    void initColorPopupWindow() -> b
com.example.lifememory.activity.BabyJiShiBenAddActivity$1 -> com.example.lifememory.activity.a:
    com.example.lifememory.activity.BabyJiShiBenAddActivity this$0 -> a
    void handleMessage(android.os.Message) -> handleMessage
com.example.lifememory.activity.BabyJiShiBenAddActivity$2 -> com.example.lifememory.activity.b:
    com.example.lifememory.activity.BabyJiShiBenAddActivity this$0 -> a
    void onDialogOk(android.app.Dialog,java.lang.Object) -> a
    void onDialogCreate(android.app.Dialog,java.lang.Object) -> b
    void onDialogCancel(android.app.Dialog,java.lang.Object) -> c
    void onDialogInput(android.app.Dialog,java.lang.String) -> a
    void onDialogSave(android.app.Dialog,java.lang.Object) -> d
    void onDialogUnSave(android.app.Dialog,java.lang.Object) -> e
com.example.lifememory.activity.BabyJiShiBenAddActivity$3 -> com.example.lifememory.activity.c:
    com.example.lifememory.activity.BabyJiShiBenAddActivity this$0 -> a
    void onTextChanged(java.lang.CharSequence,int,int,int) -> onTextChanged
    void beforeTextChanged(java.lang.CharSequence,int,int,int) -> beforeTextChanged
    void afterTextChanged(android.text.Editable) -> afterTextChanged
com.example.lifememory.activity.BabyJiShiBenAddActivity$4 -> com.example.lifememory.activity.d:
    com.example.lifememory.activity.BabyJiShiBenAddActivity this$0 -> a
    void onKeyboardStateChanged(int) -> a
...
android.support.v4.view.VelocityTrackerCompat$BaseVelocityTrackerVersionImpl -> android.support.v4.view.z:
    float getXVelocity(android.view.VelocityTracker,int) -> a
android.support.v4.view.VelocityTrackerCompat$HoneycombVelocityTrackerVersionImpl -> android.support.v4.view.aa:
    float getXVelocity(android.view.VelocityTracker,int) -> a
android.support.v4.view.VelocityTrackerCompat$VelocityTrackerVersionImpl -> android.support.v4.view.ab:
    float getXVelocity(android.view.VelocityTracker,int) -> a
android.support.v4.view.VelocityTrackerCompatHoneycomb -> android.support.v4.view.ac:
    float getXVelocity(android.view.VelocityTracker,int) -> a
android.support.v4.view.ViewCompat -> android.support.v4.view.ad:
    android.support.v4.view.ViewCompat$ViewCompatImpl IMPL -> a
    boolean canScrollHorizontally(android.view.View,int) -> a
    int getOverScrollMode(android.view.View) -> a
    void setAccessibilityDelegate(android.view.View,android.support.v4.view.AccessibilityDelegateCompat) -> a
    void postInvalidateOnAnimation(android.view.View) -> b
    void postOnAnimation(android.view.View,java.lang.Runnable) -> a
    int getImportantForAccessibility(android.view.View) -> c
    void setImportantForAccessibility(android.view.View,int) -> b
    void setLayerType(android.view.View,int,android.graphics.Paint) -> a
android.support.v4.view.ViewCompat$BaseViewCompatImpl -> android.support.v4.view.ae:
    boolean canScrollHorizontally(android.view.View,int) -> a
    int getOverScrollMode(android.view.View) -> a
    void setAccessibilityDelegate(android.view.View,android.support.v4.view.AccessibilityDelegateCompat) -> a
    void postInvalidateOnAnimation(android.view.View) -> b
    void postOnAnimation(android.view.View,java.lang.Runnable) -> a
    long getFrameTime() -> a
    int getImportantForAccessibility(android.view.View) -> c
    void setImportantForAccessibility(android.view.View,int) -> b
    void setLayerType(android.view.View,int,android.graphics.Paint) -> a
android.support.v4.view.ViewCompat$GBViewCompatImpl -> android.support.v4.view.af:
    int getOverScrollMode(android.view.View) -> a
android.support.v4.view.ViewCompat$HCViewCompatImpl -> android.support.v4.view.ag:
    long getFrameTime() -> a
    void setLayerType(android.view.View,int,android.graphics.Paint) -> a
android.support.v4.view.ViewCompat$ICSViewCompatImpl -> android.support.v4.view.ah:
    boolean canScrollHorizontally(android.view.View,int) -> a
    void setAccessibilityDelegate(android.view.View,android.support.v4.view.AccessibilityDelegateCompat) -> a
android.support.v4.view.ViewCompat$JBViewCompatImpl -> android.support.v4.view.ai:
    void postInvalidateOnAnimation(android.view.View) -> b
    void postOnAnimation(android.view.View,java.lang.Runnable) -> a
    int getImportantForAccessibility(android.view.View) -> c
    void setImportantForAccessibility(android.view.View,int) -> b
android.support.v4.view.ViewCompat$JbMr1ViewCompatImpl -> android.support.v4.view.aj:
android.support.v4.view.ViewCompat$ViewCompatImpl -> android.support.v4.view.ak:
    boolean canScrollHorizontally(android.view.View,int) -> a
    int getOverScrollMode(android.view.View) -> a
    void setAccessibilityDelegate(android.view.View,android.support.v4.view.AccessibilityDelegateCompat) -> a
    void postInvalidateOnAnimation(android.view.View) -> b
    void postOnAnimation(android.view.View,java.lang.Runnable) -> a
    int getImportantForAccessibility(android.view.View) -> c
    void setImportantForAccessibility(android.view.View,int) -> b
    void setLayerType(android.view.View,int,android.graphics.Paint) -> a
android.support.v4.view.ViewCompatGingerbread -> android.support.v4.view.al:
    int getOverScrollMode(android.view.View) -> a
android.support.v4.view.ViewCompatHC -> android.support.v4.view.am:
    long getFrameTime() -> a
    void setLayerType(android.view.View,int,android.graphics.Paint) -> a