lifememory/proguard/usage.txt
com.example.lifememory.BuildConfig
com.example.lifememory.R:
    10:10:public R()
com.example.lifememory.R$anim
com.example.lifememory.R$array
com.example.lifememory.R$attr
com.example.lifememory.R$color
com.example.lifememory.R$dimen
com.example.lifememory.R$drawable
com.example.lifememory.R$id
com.example.lifememory.R$layout
com.example.lifememory.R$menu
com.example.lifememory.R$string
com.example.lifememory.R$style
com.example.lifememory.R$styleable:
    986:986:public R$styleable()
com.example.lifememory.activity.BabyJiShiBenAddActivity:
    425:428:private java.lang.String getYMD()
    432:435:private java.lang.String getYM()
com.example.lifememory.activity.BabyLuYinAddActivity:
    private static final int POLL_INTERVAL
com.example.lifememory.activity.BabyLuYinReadActivity:
    private static final int SEEKBAR_INTERVAL
com.example.lifememory.activity.BillAccountAddActivity:
    android.widget.LinearLayout cal_equal
    android.widget.LinearLayout cal_del
    android.widget.ImageView cal_sure
com.example.lifememory.activity.BillAccountCatagoryNameSelectActivity:
    private java.lang.String type
com.example.lifememory.activity.BillAccountNoticeDialogActivity:
    private java.lang.String content
com.example.lifememory.activity.BillAccountUpdateActivity:
    android.widget.LinearLayout cal_equal
    android.widget.LinearLayout cal_del
    android.widget.ImageView cal_sure
com.example.lifememory.activity.BillMonthDetailsActivity:
    private long tipPopwindowShowTime
    private java.util.Timer timer
com.example.lifememory.activity.IndexActivity:
    private static final java.lang.String LEFT_MENU_TAG
com.example.lifememory.activity.PregnancyJiShiBenAddActivity:
    420:423:private java.lang.String getYMD()
    427:430:private java.lang.String getYM()
com.example.lifememory.activity.PregnancyJiShiBenEditActivity:
    346:349:private java.lang.String getYMD()
com.example.lifememory.activity.PregnancyLuYinAddActivity:
    private static final int POLL_INTERVAL
com.example.lifememory.activity.PregnancyLuYinReadActivity:
    private static final int SEEKBAR_INTERVAL
com.example.lifememory.activity.model.BabyJiShiBen:
    private static final long serialVersionUID
    72:72:public static long getSerialversionuid()
    90:91:public void setIsModified(int)
com.example.lifememory.activity.model.BabyJiShiBenGridViewExpandableGroupItem:
    25:25:public int getImage()
com.example.lifememory.activity.model.BabyJiShiBenListViewExpandableGroupItem:
    26:26:public int getImage()
com.example.lifememory.activity.model.BabyLuYin:
    private static final long serialVersionUID
com.example.lifememory.activity.model.BillTemplate:
    private static final long serialVersionUID
    71:71:public static long getSerialversionuid()
com.example.lifememory.activity.model.PregnancyJiShiBen:
    private static final long serialVersionUID
    72:72:public static long getSerialversionuid()
    90:91:public void setIsModified(int)
com.example.lifememory.activity.model.PregnancyLuYin:
    private static final long serialVersionUID
com.example.lifememory.activity.model.PrenancyJiShiBenGridViewExpandableGroupItem:
    25:25:public int getImage()
com.example.lifememory.activity.model.PrenancyJiShiBenListViewExpandableGroupItem:
    24:24:public int getImage()
com.example.lifememory.activity.slidingmenu.menulib.CanvasTransformerBuilder
com.example.lifememory.activity.slidingmenu.menulib.CanvasTransformerBuilder$1
com.example.lifememory.activity.slidingmenu.menulib.CanvasTransformerBuilder$2
com.example.lifememory.activity.slidingmenu.menulib.CanvasTransformerBuilder$3
com.example.lifememory.activity.slidingmenu.menulib.CanvasTransformerBuilder$4
com.example.lifememory.activity.slidingmenu.menulib.CanvasTransformerBuilder$5
com.example.lifememory.activity.slidingmenu.menulib.CanvasTransformerBuilder$6
...
android.support.v4.database.DatabaseUtilsCompat
android.support.v4.net.ConnectivityManagerCompat
android.support.v4.net.ConnectivityManagerCompat$BaseConnectivityManagerCompatImpl
android.support.v4.net.ConnectivityManagerCompat$ConnectivityManagerCompatImpl
android.support.v4.net.ConnectivityManagerCompat$GingerbreadConnectivityManagerCompatImpl
android.support.v4.net.ConnectivityManagerCompat$HoneycombMR2ConnectivityManagerCompatImpl
android.support.v4.net.ConnectivityManagerCompat$JellyBeanConnectivityManagerCompatImpl
android.support.v4.net.ConnectivityManagerCompatGingerbread
android.support.v4.net.ConnectivityManagerCompatHoneycombMR2
android.support.v4.net.ConnectivityManagerCompatJellyBean
android.support.v4.net.TrafficStatsCompat
android.support.v4.net.TrafficStatsCompat$1
android.support.v4.net.TrafficStatsCompat$BaseTrafficStatsCompatImpl
android.support.v4.net.TrafficStatsCompat$BaseTrafficStatsCompatImpl$1
android.support.v4.net.TrafficStatsCompat$BaseTrafficStatsCompatImpl$SocketTags
android.support.v4.net.TrafficStatsCompat$IcsTrafficStatsCompatImpl
android.support.v4.net.TrafficStatsCompat$TrafficStatsCompatImpl
android.support.v4.net.TrafficStatsCompatIcs
android.support.v4.os.ParcelableCompat:
    26:42:public ParcelableCompat()
android.support.v4.os.ParcelableCompatCreatorHoneycombMR2Stub:
    22:22:ParcelableCompatCreatorHoneycombMR2Stub()
android.support.v4.util.AtomicFile
android.support.v4.util.DebugUtils:
    25:25:public DebugUtils()
android.support.v4.util.LongSparseArray
android.support.v4.util.LruCache
android.support.v4.util.SparseArrayCompat:
    52:52:public java.lang.Object get(int)
    60:65:public java.lang.Object get(int,java.lang.Object)
    73:81:public void delete(int)
    87:88:public void remove(int)
    94:98:public void removeAt(int)
    107:111:public void removeAtRange(int,int)
    146:190:public void put(int,java.lang.Object)
    236:241:public void setValueAt(int,java.lang.Object)
    249:253:public int indexOfKey(int)
    265:273:public int indexOfValue(java.lang.Object)
    296:323:public void append(int,java.lang.Object)
    326:342:private static int binarySearch(int[],int,int,int)
android.support.v4.util.TimeUtils
android.support.v4.view.AccessibilityDelegateCompat:
    480:480:public android.support.v4.view.accessibility.AccessibilityNodeProviderCompat getAccessibilityNodeProvider(android.view.View)
    500:500:public boolean performAccessibilityAction(android.view.View,int,android.os.Bundle)
android.support.v4.view.AccessibilityDelegateCompat$AccessibilityDelegateImpl:
    public abstract android.support.v4.view.accessibility.AccessibilityNodeProviderCompat getAccessibilityNodeProvider(java.lang.Object,android.view.View)
    public abstract boolean performAccessibilityAction(java.lang.Object,android.view.View,int,android.os.Bundle)
android.support.v4.view.AccessibilityDelegateCompat$AccessibilityDelegateJellyBeanImpl:
    275:280:public android.support.v4.view.accessibility.AccessibilityNodeProviderCompat getAccessibilityNodeProvider(java.lang.Object,android.view.View)
    286:286:public boolean performAccessibilityAction(java.lang.Object,android.view.View,int,android.os.Bundle)
android.support.v4.view.AccessibilityDelegateCompat$AccessibilityDelegateJellyBeanImpl$1:
    260:262:public java.lang.Object getAccessibilityNodeProvider(android.view.View)
    267:267:public boolean performAccessibilityAction(android.view.View,int,android.os.Bundle)
android.support.v4.view.AccessibilityDelegateCompat$AccessibilityDelegateStubImpl:
    109:109:public android.support.v4.view.accessibility.AccessibilityNodeProviderCompat getAccessibilityNodeProvider(java.lang.Object,android.view.View)
    115:115:public boolean performAccessibilityAction(java.lang.Object,android.view.View,int,android.os.Bundle)
android.support.v4.view.AccessibilityDelegateCompatIcs:
    28:30:AccessibilityDelegateCompatIcs()